<?xml version="1.0" encoding="UTF-8"?>
<testng-results skipped="0" failed="0" total="1" passed="1">
  <reporter-output>
  </reporter-output>
  <suite name="Surefire suite" duration-ms="71" started-at="2019-06-01T10:29:36Z" finished-at="2019-06-01T10:29:36Z">
    <groups>
    </groups>
    <test name="Surefire test" duration-ms="71" started-at="2019-06-01T10:29:36Z" finished-at="2019-06-01T10:29:36Z">
      <class name="jacoco.jacoco_example.AppTest">
        <test-method status="PASS" signature="testStudyGroupClass()[pri:0, instance:jacoco.jacoco_example.AppTest@1139b2f3]" name="testStudyGroupClass" duration-ms="39" started-at="2019-06-01T15:59:36Z" finished-at="2019-06-01T15:59:36Z">
          <reporter-output>
          </reporter-output>
        </test-method> <!-- testStudyGroupClass -->
      </class> <!-- jacoco.jacoco_example.AppTest -->
    </test> <!-- Surefire test -->
  </suite> <!-- Surefire suite -->
</testng-results>
